<?xml version="1.0" encoding="UTF-8"?>
<testsuite xmlns:xsi="http://www.w3.org/2001/XMLSchema-instance" xsi:noNamespaceSchemaLocation="https://maven.apache.org/surefire/maven-surefire-plugin/xsd/surefire-test-report.xsd" name="net.xdclass.online_xdclass.OnlineXdclassApplicationTests" time="7.493" tests="1" errors="1" skipped="0" failures="0">
  <properties>
[...]
</properties>
  <testcase name="testGeneJwt" classname="net.xdclass.online_xdclass.OnlineXdclassApplicationTests" time="4.536">
    <error type="java.lang.NullPointerException">java.lang.NullPointerException
	at net.xdclass.online_xdclass.OnlineXdclassApplicationTests.testGeneJwt(OnlineXdclassApplicationTests.java:35)
</error>
    <system-out><![CDATA[23:32:42.947 [main] DEBUG org.springframework.test.context.BootstrapUtils - Instantiating CacheAwareContextLoaderDelegate from class [org.springframework.test.context.cache.DefaultCacheAwareContextLoaderDelegate]
23:32:42.961 [main] DEBUG org.springframework.test.context.BootstrapUtils - Instantiating BootstrapContext using constructor [public org.springframework.test.context.support.DefaultBootstrapContext(java.lang.Class,org.springframework.test.context.CacheAwareContextLoaderDelegate)]
23:32:43.011 [main] DEBUG org.springframework.test.context.BootstrapUtils - Instantiating TestContextBootstrapper for test class [net.xdclass.online_xdclass.OnlineXdclassApplicationTests] from class [org.springframework.boot.test.context.SpringBootTestContextBootstrapper]
23:32:43.035 [main] INFO org.springframework.boot.test.context.SpringBootTestContextBootstrapper - Neither @ContextConfiguration nor @ContextHierarchy found for test class [net.xdclass.online_xdclass.OnlineXdclassApplicationTests], using SpringBootContextLoader
23:32:43.043 [main] DEBUG org.springframework.test.context.support.AbstractContextLoader - Did not detect default resource location for test class [net.xdclass.online_xdclass.OnlineXdclassApplicationTests]: class path resource [net/xdclass/online_xdclass/OnlineXdclassApplicationTests-context.xml] does not exist
23:32:43.044 [main] DEBUG org.springframework.test.context.support.AbstractContextLoader - Did not detect default resource location for test class [net.xdclass.online_xdclass.OnlineXdclassApplicationTests]: class path resource [net/xdclass/online_xdclass/OnlineXdclassApplicationTestsContext.groovy] does not exist
23:32:43.044 [main] INFO org.springframework.test.context.support.AbstractContextLoader - Could not detect default resource locations for test class [net.xdclass.online_xdclass.OnlineXdclassApplicationTests]: no resource found for suffixes {-context.xml, Context.groovy}.
23:32:43.045 [main] INFO org.springframework.test.context.support.AnnotationConfigContextLoaderUtils - Could not detect default configuration classes for test class [net.xdclass.online_xdclass.OnlineXdclassApplicationTests]: OnlineXdclassApplicationTests does not declare any static, non-private, non-final, nested classes annotated with @Configuration.
23:32:43.099 [main] DEBUG org.springframework.test.context.support.ActiveProfilesUtils - Could not find an 'annotation declaring class' for annotation type [org.springframework.test.context.ActiveProfiles] and class [net.xdclass.online_xdclass.OnlineXdclassApplicationTests]
23:32:43.179 [main] DEBUG org.springframework.context.annotation.ClassPathScanningCandidateComponentProvider - Identified candidate component class: file [/Users/xdclass/Desktop/code/online_xdclass/target/classes/net/xdclass/online_xdclass/OnlineXdclassApplication.class]
23:32:43.180 [main] INFO org.springframework.boot.test.context.SpringBootTestContextBootstrapper - Found @SpringBootConfiguration net.xdclass.online_xdclass.OnlineXdclassApplication for test class net.xdclass.online_xdclass.OnlineXdclassApplicationTests
23:32:43.282 [main] DEBUG org.springframework.boot.test.context.SpringBootTestContextBootstrapper - @TestExecutionListeners is not present for class [net.xdclass.online_xdclass.OnlineXdclassApplicationTests]: using defaults.
23:32:43.284 [main] INFO org.springframework.boot.test.context.SpringBootTestContextBootstrapper - Loaded default TestExecutionListener class names from location [META-INF/spring.factories]: [org.springframework.boot.test.mock.mockito.MockitoTestExecutionListener, org.springframework.boot.test.mock.mockito.ResetMocksTestExecutionListener, org.springframework.boot.test.autoconfigure.restdocs.RestDocsTestExecutionListener, org.springframework.boot.test.autoconfigure.web.client.MockRestServiceServerResetTestExecutionListener, org.springframework.boot.test.autoconfigure.web.servlet.MockMvcPrintOnlyOnFailureTestExecutionListener, org.springframework.boot.test.autoconfigure.web.servlet.WebDriverTestExecutionListener, org.springframework.test.context.web.ServletTestExecutionListener, org.springframework.test.context.support.DirtiesContextBeforeModesTestExecutionListener, org.springframework.test.context.support.DependencyInjectionTestExecutionListener, org.springframework.test.context.support.DirtiesContextTestExecutionListener, org.springframework.test.context.transaction.TransactionalTestExecutionListener, org.springframework.test.context.jdbc.SqlScriptsTestExecutionListener, org.springframework.test.context.event.EventPublishingTestExecutionListener]
23:32:43.307 [main] INFO org.springframework.boot.test.context.SpringBootTestContextBootstrapper - Using TestExecutionListeners: [org.springframework.test.context.web.ServletTestExecutionListener@4ef782af, org.springframework.test.context.support.DirtiesContextBeforeModesTestExecutionListener@11d8ae8b, org.springframework.boot.test.mock.mockito.MockitoTestExecutionListener@479cbee5, org.springframework.boot.test.autoconfigure.SpringBootDependencyInjectionTestExecutionListener@59e2d8e3, org.springframework.test.context.support.DirtiesContextTestExecutionListener@2b72cb8a, org.springframework.test.context.transaction.TransactionalTestExecutionListener@7f8a9499, org.springframework.test.context.jdbc.SqlScriptsTestExecutionListener@5d43661b, org.springframework.test.context.event.EventPublishingTestExecutionListener@12299890, org.springframework.boot.test.mock.mockito.ResetMocksTestExecutionListener@2fba3fc4, org.springframework.boot.test.autoconfigure.restdocs.RestDocsTestExecutionListener@4bf48f6, org.springframework.boot.test.autoconfigure.web.client.MockRestServiceServerResetTestExecutionListener@420a85c4, org.springframework.boot.test.autoconfigure.web.servlet.MockMvcPrintOnlyOnFailureTestExecutionListener@1c39680d, org.springframework.boot.test.autoconfigure.web.servlet.WebDriverTestExecutionListener@62833051]
23:32:43.323 [main] DEBUG org.springframework.test.context.support.AbstractDirtiesContextTestExecutionListener - Before test class: context [DefaultTestContext@53b7f657 testClass = OnlineXdclassApplicationTests, testInstance = [null], testMethod = [null], testException = [null], mergedContextConfiguration = [WebMergedContextConfiguration@797b0699 testClass = OnlineXdclassApplicationTests, locations = '{}', classes = '{class net.xdclass.online_xdclass.OnlineXdclassApplication}', contextInitializerClasses = '[]', activeProfiles = '{}', propertySourceLocations = '{}', propertySourceProperties = '{org.springframework.boot.test.context.SpringBootTestContextBootstrapper=true}', contextCustomizers = set[org.springframework.boot.test.context.filter.ExcludeFilterContextCustomizer@26b3fd41, org.springframework.boot.test.json.DuplicateJsonObjectContextCustomizerFactory$DuplicateJsonObjectContextCustomizer@2e377400, org.springframework.boot.test.mock.mockito.MockitoContextCustomizer@0, org.springframework.boot.test.web.client.TestRestTemplateContextCustomizer@762ef0ea, org.springframework.boot.test.autoconfigure.properties.PropertyMappingContextCustomizer@0, org.springframework.boot.test.autoconfigure.web.servlet.WebDriverContextCustomizerFactory$Customizer@3571b748], resourceBasePath = 'src/main/webapp', contextLoader = 'org.springframework.boot.test.context.SpringBootContextLoader', parent = [null]], attributes = map['org.springframework.test.context.web.ServletTestExecutionListener.activateListener' -> true]], class annotated with @DirtiesContext [false] with mode [null].
23:32:43.384 [main] DEBUG org.springframework.test.context.support.TestPropertySourceUtils - Adding inlined properties to environment: {spring.jmx.enabled=false, org.springframework.boot.test.context.SpringBootTestContextBootstrapper=true}

  .   ____          _            __ _ _
 /\\ / ___'_ __ _ _(_)_ __  __ _ \ \ \ \
( ( )\___ | '_ | '_| | '_ \/ _` | \ \ \ \
 \\/  ___)| |_)| | | | | || (_| |  ) ) ) )
  '  |____| .__|_| |_|_| |_\__, | / / / /
 =========|_|==============|___/=/_/_/_/
 :: Spring Boot ::             (v2.3.0.M4)

2020-04-17 23:32:43.776  INFO 29006 --- [           main] n.x.o.OnlineXdclassApplicationTests      : Starting OnlineXdclassApplicationTests on xdclass.local with PID 29006 (started by xdclass in /Users/xdclass/Desktop/code/online_xdclass)
2020-04-17 23:32:43.780  INFO 29006 --- [           main] n.x.o.OnlineXdclassApplicationTests      : No active profile set, falling back to default profiles: default
Logging initialized using 'class org.apache.ibatis.logging.stdout.StdOutImpl' adapter.
Parsed mapper file: 'file [/Users/xdclass/Desktop/code/online_xdclass/target/classes/mapper/UserMapper.xml]'
Parsed mapper file: 'file [/Users/xdclass/Desktop/code/online_xdclass/target/classes/mapper/VideoMapper.xml]'
2020-04-17 23:32:45.403  INFO 29006 --- [           main] o.s.s.concurrent.ThreadPoolTaskExecutor  : Initializing ExecutorService 'applicationTaskExecutor'
2020-04-17 23:32:45.750  INFO 29006 --- [           main] n.x.o.OnlineXdclassApplicationTests      : Started OnlineXdclassApplicationTests in 2.354 seconds (JVM running for 3.464)
xdclasseyJhbGciOiJIUzI1NiJ9.eyJzdWIiOiJ4ZGNsYXNzIiwiaGVhZF9pbWciOiJwbmciLCJpZCI6NjYsIm5hbWUiOiLkuozlvZPlrrblsI9EIiwiaWF0IjoxNTg3MTM3NTY2LCJleHAiOjE1ODcxMzc1NjZ9.bGOBXdcctCbJRdhtqHp6uWyOEEzvfkvkmsFTjUE2fSQ
]]></system-out>
  </testcase>
</testsuite>